[debug] [2019-10-20T00:53:33.778Z] ----------------------------------------------------------------------
[debug] [2019-10-20T00:53:33.784Z] Command:       /home/siepp/.nvm/versions/node/v10.16.3/bin/node /mnt/c/Users/siepp/Desktop/web-projects/int-chat/node_modules/.bin/firebase serve --only functions,firestore
[debug] [2019-10-20T00:53:33.786Z] CLI Version:   7.5.0
[debug] [2019-10-20T00:53:33.786Z] Platform:      linux
[debug] [2019-10-20T00:53:33.786Z] Node Version:  v10.16.3
[debug] [2019-10-20T00:53:33.789Z] Time:          Sat Oct 19 2019 18:53:33 GMT-0600 (Mountain Daylight Time)
[debug] [2019-10-20T00:53:33.789Z] ----------------------------------------------------------------------
[debug] 
[debug] [2019-10-20T00:53:33.825Z] > command requires scopes: ["email","openid","https://www.googleapis.com/auth/cloudplatformprojects.readonly","https://www.googleapis.com/auth/firebase","https://www.googleapis.com/auth/cloud-platform"]
[debug] [2019-10-20T00:53:33.827Z] > authorizing via signed-in user
[debug] [2019-10-20T00:53:33.827Z] [iam] checking project fir-learn-f283b for permissions ["firebase.projects.get"]
[debug] [2019-10-20T00:53:33.836Z] >>> HTTP REQUEST POST https://cloudresourcemanager.googleapis.com/v1/projects/fir-learn-f283b:testIamPermissions  

[debug] [2019-10-20T00:53:34.790Z] <<< HTTP RESPONSE 200
[debug] [2019-10-20T00:53:34.799Z] >>> HTTP REQUEST GET https://firebase.googleapis.com/v1beta1/projects/fir-learn-f283b  
 
[debug] [2019-10-20T00:53:35.393Z] <<< HTTP RESPONSE 200
[info] i  firestore: Serving ALL traffic (including WebChannel) on http://localhost:8080
[warn] ⚠  firestore: Support for WebChannel on a separate port (8081) is DEPRECATED and will go away soon. Please use port above instead.
[debug] [2019-10-20T00:53:35.436Z] Starting emulator firestore with command {"binary":"java","args":["-Duser.language=en","-jar","/home/siepp/.cache/firebase/emulators/cloud-firestore-emulator-v1.9.0.jar","--webchannel_port",8081,"--port",8080],"optionalArgs":["port","webchannel_port","host","rules","functions_emulator"]}
[info] i  firestore: Emulator logging to firestore-debug.log
[info] ✔  functions: Using node@10 from host.
[info] ✔  functions: Emulator started at http://localhost:5000
[debug] [2019-10-20T00:53:38.991Z] API endpoint: http://localhost
[debug] [2019-10-20T00:53:38.992Z] :8080
If you are using a library that supports the FIRESTORE_EMULATOR_HOST environment variable, run:

   export FIRESTORE_EMULATOR_HOST=localhost:8080

Dev App Server is now running.


[info] ✔  firestore: Emulator started at http://localhost:8080
[info] i  functions: Watching "/mnt/c/Users/siepp/Desktop/web-projects/int-chat/functions" for Cloud Functions...
[debug] [2019-10-20T00:53:40.815Z] [runtime-status] Functions runtime initialized. {"cwd":"/mnt/c/Users/siepp/Desktop/web-projects/int-chat/functions","node_version":"10.16.3"}
[debug] [2019-10-20T00:53:40.817Z] [runtime-status] Disabled runtime features: {"functions_config_helper":true,"network_filtering":true,"timeout":true,"memory_limiting":true,"admin_stubs":true} {}
[debug] [2019-10-20T00:53:40.834Z] [runtime-status] Resolved module firebase-admin {"declared":true,"installed":true,"version":"8.6.0","resolution":"/mnt/c/Users/siepp/Desktop/web-projects/int-chat/node_modules/firebase-admin/lib/index.js"}
[debug] [2019-10-20T00:53:40.842Z] [runtime-status] Resolved module firebase-functions {"declared":true,"installed":true,"version":"3.2.0","resolution":"/mnt/c/Users/siepp/Desktop/web-projects/int-chat/node_modules/firebase-functions/lib/index.js"}
[debug] [2019-10-20T00:53:40.845Z] [runtime-status] Resolved module firebase-functions {"declared":true,"installed":true,"version":"3.2.0","resolution":"/mnt/c/Users/siepp/Desktop/web-projects/int-chat/node_modules/firebase-functions/lib/index.js"}
[warn] ⚠  Error: The default Firebase app does not exist. Make sure you call initializeApp() before using any of the Firebase services.
    at FirebaseAppError.FirebaseError [as constructor] (/mnt/c/Users/siepp/Desktop/web-projects/int-chat/node_modules/firebase-admin/lib/utils/error.js:42:28)
    at FirebaseAppError.PrefixedFirebaseError [as constructor] (/mnt/c/Users/siepp/Desktop/web-projects/int-chat/node_modules/firebase-admin/lib/utils/error.js:88:28)
    at new FirebaseAppError (/mnt/c/Users/siepp/Desktop/web-projects/int-chat/node_modules/firebase-admin/lib/utils/error.js:123:28)
    at FirebaseNamespaceInternals.app (/mnt/c/Users/siepp/Desktop/web-projects/int-chat/node_modules/firebase-admin/lib/firebase-namespace.js:101:19)
    at FirebaseNamespace.app (/mnt/c/Users/siepp/Desktop/web-projects/int-chat/node_modules/firebase-admin/lib/firebase-namespace.js:418:30)
    at FirebaseNamespace.ensureApp (/mnt/c/Users/siepp/Desktop/web-projects/int-chat/node_modules/firebase-admin/lib/firebase-namespace.js:434:24)
    at FirebaseNamespace.fn (/mnt/c/Users/siepp/Desktop/web-projects/int-chat/node_modules/firebase-admin/lib/firebase-namespace.js:327:30)
    at getFirestore (/mnt/c/Users/siepp/Desktop/web-projects/int-chat/functions/lib/store.js:32:37)
    at Object.<anonymous> (/mnt/c/Users/siepp/Desktop/web-projects/int-chat/functions/lib/store.js:34:21)
    at Module._compile (internal/modules/cjs/loader.js:778:30)
[warn] ⚠  We were unable to load your functions code. (see above)
   - It appears your code is written in Typescript, which must be compiled before emulation.
   - You may be able to run "npm run build" in your functions directory to resolve this.
[debug] [2019-10-20T00:53:59.316Z] File /mnt/c/Users/siepp/Desktop/web-projects/int-chat/functions/lib/tsconfig.tsbuildinfo changed, reloading triggers
[debug] [2019-10-20T00:54:01.902Z] [runtime-status] Functions runtime initialized. {"cwd":"/mnt/c/Users/siepp/Desktop/web-projects/int-chat/functions","node_version":"10.16.3"}
[debug] [2019-10-20T00:54:01.904Z] [runtime-status] Disabled runtime features: {"functions_config_helper":true,"network_filtering":true,"timeout":true,"memory_limiting":true,"admin_stubs":true} {}
[debug] [2019-10-20T00:54:01.925Z] [runtime-status] Resolved module firebase-admin {"declared":true,"installed":true,"version":"8.6.0","resolution":"/mnt/c/Users/siepp/Desktop/web-projects/int-chat/node_modules/firebase-admin/lib/index.js"}
[debug] [2019-10-20T00:54:01.935Z] [runtime-status] Resolved module firebase-functions {"declared":true,"installed":true,"version":"3.2.0","resolution":"/mnt/c/Users/siepp/Desktop/web-projects/int-chat/node_modules/firebase-functions/lib/index.js"}
[debug] [2019-10-20T00:54:01.938Z] [runtime-status] Resolved module firebase-functions {"declared":true,"installed":true,"version":"3.2.0","resolution":"/mnt/c/Users/siepp/Desktop/web-projects/int-chat/node_modules/firebase-functions/lib/index.js"}
[debug] [2019-10-20T00:54:04.387Z] File /mnt/c/Users/siepp/Desktop/web-projects/int-chat/functions/lib/tsconfig.tsbuildinfo changed, reloading triggers
[warn] ⚠  Error: The default Firebase app does not exist. Make sure you call initializeApp() before using any of the Firebase services.
    at FirebaseAppError.FirebaseError [as constructor] (/mnt/c/Users/siepp/Desktop/web-projects/int-chat/node_modules/firebase-admin/lib/utils/error.js:42:28)
    at FirebaseAppError.PrefixedFirebaseError [as constructor] (/mnt/c/Users/siepp/Desktop/web-projects/int-chat/node_modules/firebase-admin/lib/utils/error.js:88:28)
    at new FirebaseAppError (/mnt/c/Users/siepp/Desktop/web-projects/int-chat/node_modules/firebase-admin/lib/utils/error.js:123:28)
    at FirebaseNamespaceInternals.app (/mnt/c/Users/siepp/Desktop/web-projects/int-chat/node_modules/firebase-admin/lib/firebase-namespace.js:101:19)
    at FirebaseNamespace.app (/mnt/c/Users/siepp/Desktop/web-projects/int-chat/node_modules/firebase-admin/lib/firebase-namespace.js:418:30)
    at FirebaseNamespace.ensureApp (/mnt/c/Users/siepp/Desktop/web-projects/int-chat/node_modules/firebase-admin/lib/firebase-namespace.js:434:24)
    at FirebaseNamespace.fn (/mnt/c/Users/siepp/Desktop/web-projects/int-chat/node_modules/firebase-admin/lib/firebase-namespace.js:327:30)
    at getFirestore (/mnt/c/Users/siepp/Desktop/web-projects/int-chat/functions/lib/store.js:32:37)
    at Object.<anonymous> (/mnt/c/Users/siepp/Desktop/web-projects/int-chat/functions/lib/store.js:34:21)
    at Module._compile (internal/modules/cjs/loader.js:778:30)
[warn] ⚠  We were unable to load your functions code. (see above)
   - It appears your code is written in Typescript, which must be compiled before emulation.
   - You may be able to run "npm run build" in your functions directory to resolve this.
[debug] [2019-10-20T00:54:07.027Z] [runtime-status] Functions runtime initialized. {"cwd":"/mnt/c/Users/siepp/Desktop/web-projects/int-chat/functions","node_version":"10.16.3"}
[debug] [2019-10-20T00:54:07.029Z] [runtime-status] Disabled runtime features: {"functions_config_helper":true,"network_filtering":true,"timeout":true,"memory_limiting":true,"admin_stubs":true} {}
[debug] [2019-10-20T00:54:07.057Z] [runtime-status] Resolved module firebase-admin {"declared":true,"installed":true,"version":"8.6.0","resolution":"/mnt/c/Users/siepp/Desktop/web-projects/int-chat/node_modules/firebase-admin/lib/index.js"}
[debug] [2019-10-20T00:54:07.058Z] [runtime-status] Resolved module firebase-functions {"declared":true,"installed":true,"version":"3.2.0","resolution":"/mnt/c/Users/siepp/Desktop/web-projects/int-chat/node_modules/firebase-functions/lib/index.js"}
[debug] [2019-10-20T00:54:07.064Z] [runtime-status] Resolved module firebase-functions {"declared":true,"installed":true,"version":"3.2.0","resolution":"/mnt/c/Users/siepp/Desktop/web-projects/int-chat/node_modules/firebase-functions/lib/index.js"}
[debug] [2019-10-20T00:56:40.212Z] ----------------------------------------------------------------------
[debug] [2019-10-20T00:56:40.219Z] Command:       /home/siepp/.nvm/versions/node/v10.16.3/bin/node /mnt/c/Users/siepp/Desktop/web-projects/int-chat/node_modules/.bin/firebase serve --only functions,firestore
[debug] [2019-10-20T00:56:40.221Z] CLI Version:   7.5.0
[debug] [2019-10-20T00:56:40.222Z] Platform:      linux
[debug] [2019-10-20T00:56:40.222Z] Node Version:  v10.16.3
[debug] [2019-10-20T00:56:40.224Z] Time:          Sat Oct 19 2019 18:56:40 GMT-0600 (Mountain Daylight Time)
[debug] [2019-10-20T00:56:40.225Z] ----------------------------------------------------------------------
[debug] 
[debug] [2019-10-20T00:56:40.258Z] > command requires scopes: ["email","openid","https://www.googleapis.com/auth/cloudplatformprojects.readonly","https://www.googleapis.com/auth/firebase","https://www.googleapis.com/auth/cloud-platform"]
[debug] [2019-10-20T00:56:40.259Z] > authorizing via signed-in user
[debug] [2019-10-20T00:56:40.260Z] [iam] checking project fir-learn-f283b for permissions ["firebase.projects.get"]
[debug] [2019-10-20T00:56:40.265Z] >>> HTTP REQUEST POST https://cloudresourcemanager.googleapis.com/v1/projects/fir-learn-f283b:testIamPermissions  

[debug] [2019-10-20T00:56:41.159Z] <<< HTTP RESPONSE 200
[debug] [2019-10-20T00:56:41.168Z] >>> HTTP REQUEST GET https://firebase.googleapis.com/v1beta1/projects/fir-learn-f283b  
 
[debug] [2019-10-20T00:56:41.492Z] <<< HTTP RESPONSE 200
[info] i  firestore: Serving ALL traffic (including WebChannel) on http://localhost:8080
[warn] ⚠  firestore: Support for WebChannel on a separate port (8081) is DEPRECATED and will go away soon. Please use port above instead.
[debug] [2019-10-20T00:56:41.534Z] Starting emulator firestore with command {"binary":"java","args":["-Duser.language=en","-jar","/home/siepp/.cache/firebase/emulators/cloud-firestore-emulator-v1.9.0.jar","--webchannel_port",8081,"--port",8080],"optionalArgs":["port","webchannel_port","host","rules","functions_emulator"]}
[info] i  firestore: Emulator logging to firestore-debug.log
[info] ✔  functions: Using node@10 from host.
[info] ✔  functions: Emulator started at http://localhost:5000
[debug] [2019-10-20T00:56:44.718Z] API endpoint: http://localhost:8080

[debug] [2019-10-20T00:56:44.719Z] If you are using a library that supports the FIRESTORE_EMULATOR_HOST environment variable, run:

   export FIRESTORE_EMULATOR_HOST=localhost:8080

Dev App Server is now running.


[info] ✔  firestore: Emulator started at http://localhost:8080
[info] i  functions: Watching "/mnt/c/Users/siepp/Desktop/web-projects/int-chat/functions" for Cloud Functions...
[debug] [2019-10-20T00:56:46.507Z] [runtime-status] Functions runtime initialized. {"cwd":"/mnt/c/Users/siepp/Desktop/web-projects/int-chat/functions","node_version":"10.16.3"}
[debug] [2019-10-20T00:56:46.508Z] [runtime-status] Disabled runtime features: {"functions_config_helper":true,"network_filtering":true,"timeout":true,"memory_limiting":true,"admin_stubs":true} {}
[debug] [2019-10-20T00:56:46.521Z] [runtime-status] Resolved module firebase-admin {"declared":true,"installed":true,"version":"8.6.0","resolution":"/mnt/c/Users/siepp/Desktop/web-projects/int-chat/node_modules/firebase-admin/lib/index.js"}
[debug] [2019-10-20T00:56:46.527Z] [runtime-status] Resolved module firebase-functions {"declared":true,"installed":true,"version":"3.2.0","resolution":"/mnt/c/Users/siepp/Desktop/web-projects/int-chat/node_modules/firebase-functions/lib/index.js"}
[debug] [2019-10-20T00:56:46.530Z] [runtime-status] Resolved module firebase-functions {"declared":true,"installed":true,"version":"3.2.0","resolution":"/mnt/c/Users/siepp/Desktop/web-projects/int-chat/node_modules/firebase-functions/lib/index.js"}
[info] >  1
[warn] ⚠  Error: The default Firebase app does not exist. Make sure you call initializeApp() before using any of the Firebase services.
    at FirebaseAppError.FirebaseError [as constructor] (/mnt/c/Users/siepp/Desktop/web-projects/int-chat/node_modules/firebase-admin/lib/utils/error.js:42:28)
    at FirebaseAppError.PrefixedFirebaseError [as constructor] (/mnt/c/Users/siepp/Desktop/web-projects/int-chat/node_modules/firebase-admin/lib/utils/error.js:88:28)
    at new FirebaseAppError (/mnt/c/Users/siepp/Desktop/web-projects/int-chat/node_modules/firebase-admin/lib/utils/error.js:123:28)
    at FirebaseNamespaceInternals.app (/mnt/c/Users/siepp/Desktop/web-projects/int-chat/node_modules/firebase-admin/lib/firebase-namespace.js:101:19)
    at FirebaseNamespace.app (/mnt/c/Users/siepp/Desktop/web-projects/int-chat/node_modules/firebase-admin/lib/firebase-namespace.js:418:30)
    at FirebaseNamespace.ensureApp (/mnt/c/Users/siepp/Desktop/web-projects/int-chat/node_modules/firebase-admin/lib/firebase-namespace.js:434:24)
    at FirebaseNamespace.fn (/mnt/c/Users/siepp/Desktop/web-projects/int-chat/node_modules/firebase-admin/lib/firebase-namespace.js:327:30)
    at getFirestore (/mnt/c/Users/siepp/Desktop/web-projects/int-chat/functions/lib/store.js:33:37)
    at Object.<anonymous> (/mnt/c/Users/siepp/Desktop/web-projects/int-chat/functions/lib/store.js:35:21)
    at Module._compile (internal/modules/cjs/loader.js:778:30)
[warn] ⚠  We were unable to load your functions code. (see above)
   - It appears your code is written in Typescript, which must be compiled before emulation.
   - You may be able to run "npm run build" in your functions directory to resolve this.
[debug] [2019-10-20T00:57:02.158Z] File /mnt/c/Users/siepp/Desktop/web-projects/int-chat/functions/lib/store.js.map changed, reloading triggers
[debug] [2019-10-20T00:57:02.162Z] File /mnt/c/Users/siepp/Desktop/web-projects/int-chat/functions/lib/store.js changed, reloading triggers
[debug] [2019-10-20T00:57:02.292Z] File /mnt/c/Users/siepp/Desktop/web-projects/int-chat/functions/lib/tsconfig.tsbuildinfo changed, reloading triggers
[debug] [2019-10-20T00:57:04.708Z] [runtime-status] Functions runtime initialized. {"cwd":"/mnt/c/Users/siepp/Desktop/web-projects/int-chat/functions","node_version":"10.16.3"}
[debug] [2019-10-20T00:57:04.709Z] [runtime-status] Disabled runtime features: {"functions_config_helper":true,"network_filtering":true,"timeout":true,"memory_limiting":true,"admin_stubs":true} {}
[debug] [2019-10-20T00:57:04.723Z] [runtime-status] Resolved module firebase-admin {"declared":true,"installed":true,"version":"8.6.0","resolution":"/mnt/c/Users/siepp/Desktop/web-projects/int-chat/node_modules/firebase-admin/lib/index.js"}
[debug] [2019-10-20T00:57:04.729Z] [runtime-status] Resolved module firebase-functions {"declared":true,"installed":true,"version":"3.2.0","resolution":"/mnt/c/Users/siepp/Desktop/web-projects/int-chat/node_modules/firebase-functions/lib/index.js"}
[debug] [2019-10-20T00:57:04.732Z] [runtime-status] Resolved module firebase-functions {"declared":true,"installed":true,"version":"3.2.0","resolution":"/mnt/c/Users/siepp/Desktop/web-projects/int-chat/node_modules/firebase-functions/lib/index.js"}
[info] >  1
[warn] ⚠  Error: The default Firebase app does not exist. Make sure you call initializeApp() before using any of the Firebase services.
    at FirebaseAppError.FirebaseError [as constructor] (/mnt/c/Users/siepp/Desktop/web-projects/int-chat/node_modules/firebase-admin/lib/utils/error.js:42:28)
    at FirebaseAppError.PrefixedFirebaseError [as constructor] (/mnt/c/Users/siepp/Desktop/web-projects/int-chat/node_modules/firebase-admin/lib/utils/error.js:88:28)
    at new FirebaseAppError (/mnt/c/Users/siepp/Desktop/web-projects/int-chat/node_modules/firebase-admin/lib/utils/error.js:123:28)
    at FirebaseNamespaceInternals.app (/mnt/c/Users/siepp/Desktop/web-projects/int-chat/node_modules/firebase-admin/lib/firebase-namespace.js:101:19)
    at FirebaseNamespace.app (/mnt/c/Users/siepp/Desktop/web-projects/int-chat/node_modules/firebase-admin/lib/firebase-namespace.js:418:30)
    at FirebaseNamespace.ensureApp (/mnt/c/Users/siepp/Desktop/web-projects/int-chat/node_modules/firebase-admin/lib/firebase-namespace.js:434:24)
    at FirebaseNamespace.fn (/mnt/c/Users/siepp/Desktop/web-projects/int-chat/node_modules/firebase-admin/lib/firebase-namespace.js:327:30)
    at getFirestore (/mnt/c/Users/siepp/Desktop/web-projects/int-chat/functions/lib/store.js:33:37)
    at Object.<anonymous> (/mnt/c/Users/siepp/Desktop/web-projects/int-chat/functions/lib/store.js:35:21)
    at Module._compile (internal/modules/cjs/loader.js:778:30)
[warn] ⚠  We were unable to load your functions code. (see above)
   - It appears your code is written in Typescript, which must be compiled before emulation.
   - You may be able to run "npm run build" in your functions directory to resolve this.
[debug] [2019-10-20T01:03:29.792Z] File /mnt/c/Users/siepp/Desktop/web-projects/int-chat/functions/src/store.ts changed, reloading triggers
[debug] [2019-10-20T01:03:29.860Z] File /mnt/c/Users/siepp/Desktop/web-projects/int-chat/functions/src/store.ts changed, reloading triggers
[debug] [2019-10-20T01:03:32.535Z] [runtime-status] Functions runtime initialized. {"cwd":"/mnt/c/Users/siepp/Desktop/web-projects/int-chat/functions","node_version":"10.16.3"}
[debug] [2019-10-20T01:03:32.536Z] [runtime-status] Disabled runtime features: {"functions_config_helper":true,"network_filtering":true,"timeout":true,"memory_limiting":true,"admin_stubs":true} {}
[debug] [2019-10-20T01:03:32.551Z] [runtime-status] Resolved module firebase-admin {"declared":true,"installed":true,"version":"8.6.0","resolution":"/mnt/c/Users/siepp/Desktop/web-projects/int-chat/node_modules/firebase-admin/lib/index.js"}
[debug] [2019-10-20T01:03:32.558Z] [runtime-status] Resolved module firebase-functions {"declared":true,"installed":true,"version":"3.2.0","resolution":"/mnt/c/Users/siepp/Desktop/web-projects/int-chat/node_modules/firebase-functions/lib/index.js"}
[debug] [2019-10-20T01:03:32.560Z] [runtime-status] Resolved module firebase-functions {"declared":true,"installed":true,"version":"3.2.0","resolution":"/mnt/c/Users/siepp/Desktop/web-projects/int-chat/node_modules/firebase-functions/lib/index.js"}
[debug] [2019-10-20T01:03:34.154Z] File /mnt/c/Users/siepp/Desktop/web-projects/int-chat/functions/lib/store.js.map changed, reloading triggers
[debug] [2019-10-20T01:03:34.175Z] File /mnt/c/Users/siepp/Desktop/web-projects/int-chat/functions/lib/store.js changed, reloading triggers
[debug] [2019-10-20T01:03:34.304Z] File /mnt/c/Users/siepp/Desktop/web-projects/int-chat/functions/lib/tsconfig.tsbuildinfo changed, reloading triggers
[info] >  1
[warn] ⚠  Error: The default Firebase app does not exist. Make sure you call initializeApp() before using any of the Firebase services.
    at FirebaseAppError.FirebaseError [as constructor] (/mnt/c/Users/siepp/Desktop/web-projects/int-chat/node_modules/firebase-admin/lib/utils/error.js:42:28)
    at FirebaseAppError.PrefixedFirebaseError [as constructor] (/mnt/c/Users/siepp/Desktop/web-projects/int-chat/node_modules/firebase-admin/lib/utils/error.js:88:28)
    at new FirebaseAppError (/mnt/c/Users/siepp/Desktop/web-projects/int-chat/node_modules/firebase-admin/lib/utils/error.js:123:28)
    at FirebaseNamespaceInternals.app (/mnt/c/Users/siepp/Desktop/web-projects/int-chat/node_modules/firebase-admin/lib/firebase-namespace.js:101:19)
    at FirebaseNamespace.app (/mnt/c/Users/siepp/Desktop/web-projects/int-chat/node_modules/firebase-admin/lib/firebase-namespace.js:418:30)
    at FirebaseNamespace.ensureApp (/mnt/c/Users/siepp/Desktop/web-projects/int-chat/node_modules/firebase-admin/lib/firebase-namespace.js:434:24)
    at FirebaseNamespace.fn (/mnt/c/Users/siepp/Desktop/web-projects/int-chat/node_modules/firebase-admin/lib/firebase-namespace.js:327:30)
    at getFirestore (/mnt/c/Users/siepp/Desktop/web-projects/int-chat/functions/lib/store.js:33:37)
    at Object.<anonymous> (/mnt/c/Users/siepp/Desktop/web-projects/int-chat/functions/lib/store.js:35:21)
    at Module._compile (internal/modules/cjs/loader.js:778:30)
[warn] ⚠  We were unable to load your functions code. (see above)
   - It appears your code is written in Typescript, which must be compiled before emulation.
   - You may be able to run "npm run build" in your functions directory to resolve this.
[debug] [2019-10-20T01:03:36.882Z] [runtime-status] Functions runtime initialized. {"cwd":"/mnt/c/Users/siepp/Desktop/web-projects/int-chat/functions","node_version":"10.16.3"}
[debug] [2019-10-20T01:03:36.885Z] [runtime-status] Disabled runtime features: {"functions_config_helper":true,"network_filtering":true,"timeout":true,"memory_limiting":true,"admin_stubs":true} {}
[debug] [2019-10-20T01:03:36.901Z] [runtime-status] Resolved module firebase-admin {"declared":true,"installed":true,"version":"8.6.0","resolution":"/mnt/c/Users/siepp/Desktop/web-projects/int-chat/node_modules/firebase-admin/lib/index.js"}
[debug] [2019-10-20T01:03:36.907Z] [runtime-status] Resolved module firebase-functions {"declared":true,"installed":true,"version":"3.2.0","resolution":"/mnt/c/Users/siepp/Desktop/web-projects/int-chat/node_modules/firebase-functions/lib/index.js"}
[debug] [2019-10-20T01:03:36.910Z] [runtime-status] Resolved module firebase-functions {"declared":true,"installed":true,"version":"3.2.0","resolution":"/mnt/c/Users/siepp/Desktop/web-projects/int-chat/node_modules/firebase-functions/lib/index.js"}
[info] ✔  functions[api]: http function initialized (http://localhost:5000/fir-learn-f283b/us-central1/api).
[debug] [2019-10-20T01:04:34.405Z] File /mnt/c/Users/siepp/Desktop/web-projects/int-chat/functions/src/store.ts changed, reloading triggers
[debug] [2019-10-20T01:04:34.470Z] File /mnt/c/Users/siepp/Desktop/web-projects/int-chat/functions/src/store.ts changed, reloading triggers
[debug] [2019-10-20T01:04:37.083Z] [runtime-status] Functions runtime initialized. {"cwd":"/mnt/c/Users/siepp/Desktop/web-projects/int-chat/functions","node_version":"10.16.3"}
[debug] [2019-10-20T01:04:37.085Z] [runtime-status] Disabled runtime features: {"functions_config_helper":true,"network_filtering":true,"timeout":true,"memory_limiting":true,"admin_stubs":true} {}
[debug] [2019-10-20T01:04:37.102Z] [runtime-status] Resolved module firebase-admin {"declared":true,"installed":true,"version":"8.6.0","resolution":"/mnt/c/Users/siepp/Desktop/web-projects/int-chat/node_modules/firebase-admin/lib/index.js"}
[debug] [2019-10-20T01:04:37.110Z] [runtime-status] Resolved module firebase-functions {"declared":true,"installed":true,"version":"3.2.0","resolution":"/mnt/c/Users/siepp/Desktop/web-projects/int-chat/node_modules/firebase-functions/lib/index.js"}
[debug] [2019-10-20T01:04:37.113Z] [runtime-status] Resolved module firebase-functions {"declared":true,"installed":true,"version":"3.2.0","resolution":"/mnt/c/Users/siepp/Desktop/web-projects/int-chat/node_modules/firebase-functions/lib/index.js"}
[debug] [2019-10-20T01:04:38.233Z] File /mnt/c/Users/siepp/Desktop/web-projects/int-chat/functions/lib/store.js.map changed, reloading triggers
[debug] [2019-10-20T01:04:38.248Z] File /mnt/c/Users/siepp/Desktop/web-projects/int-chat/functions/lib/store.js changed, reloading triggers
[debug] [2019-10-20T01:04:38.386Z] File /mnt/c/Users/siepp/Desktop/web-projects/int-chat/functions/lib/tsconfig.tsbuildinfo changed, reloading triggers
[debug] [2019-10-20T01:04:41.005Z] [runtime-status] Functions runtime initialized. {"cwd":"/mnt/c/Users/siepp/Desktop/web-projects/int-chat/functions","node_version":"10.16.3"}
[debug] [2019-10-20T01:04:41.007Z] [runtime-status] Disabled runtime features: {"functions_config_helper":true,"network_filtering":true,"timeout":true,"memory_limiting":true,"admin_stubs":true} {}
[debug] [2019-10-20T01:04:41.026Z] [runtime-status] Resolved module firebase-admin {"declared":true,"installed":true,"version":"8.6.0","resolution":"/mnt/c/Users/siepp/Desktop/web-projects/int-chat/node_modules/firebase-admin/lib/index.js"}
[debug] [2019-10-20T01:04:41.035Z] [runtime-status] Resolved module firebase-functions {"declared":true,"installed":true,"version":"3.2.0","resolution":"/mnt/c/Users/siepp/Desktop/web-projects/int-chat/node_modules/firebase-functions/lib/index.js"}
[debug] [2019-10-20T01:04:41.038Z] [runtime-status] Resolved module firebase-functions {"declared":true,"installed":true,"version":"3.2.0","resolution":"/mnt/c/Users/siepp/Desktop/web-projects/int-chat/node_modules/firebase-functions/lib/index.js"}
[debug] [2019-10-20T01:04:42.991Z] File /mnt/c/Users/siepp/Desktop/web-projects/int-chat/functions/src/store.ts changed, reloading triggers
[debug] [2019-10-20T01:04:45.487Z] [runtime-status] Functions runtime initialized. {"cwd":"/mnt/c/Users/siepp/Desktop/web-projects/int-chat/functions","node_version":"10.16.3"}
[debug] [2019-10-20T01:04:45.490Z] [runtime-status] Disabled runtime features: {"functions_config_helper":true,"network_filtering":true,"timeout":true,"memory_limiting":true,"admin_stubs":true} {}
[debug] [2019-10-20T01:04:45.506Z] [runtime-status] Resolved module firebase-admin {"declared":true,"installed":true,"version":"8.6.0","resolution":"/mnt/c/Users/siepp/Desktop/web-projects/int-chat/node_modules/firebase-admin/lib/index.js"}
[debug] [2019-10-20T01:04:45.512Z] [runtime-status] Resolved module firebase-functions {"declared":true,"installed":true,"version":"3.2.0","resolution":"/mnt/c/Users/siepp/Desktop/web-projects/int-chat/node_modules/firebase-functions/lib/index.js"}
[debug] [2019-10-20T01:04:45.514Z] [runtime-status] Resolved module firebase-functions {"declared":true,"installed":true,"version":"3.2.0","resolution":"/mnt/c/Users/siepp/Desktop/web-projects/int-chat/node_modules/firebase-functions/lib/index.js"}
[debug] [2019-10-20T01:04:46.542Z] File /mnt/c/Users/siepp/Desktop/web-projects/int-chat/functions/lib/store.js.map changed, reloading triggers
[debug] [2019-10-20T01:04:46.579Z] File /mnt/c/Users/siepp/Desktop/web-projects/int-chat/functions/lib/store.js changed, reloading triggers
[debug] [2019-10-20T01:04:46.693Z] File /mnt/c/Users/siepp/Desktop/web-projects/int-chat/functions/lib/tsconfig.tsbuildinfo changed, reloading triggers
[debug] [2019-10-20T01:04:49.200Z] [runtime-status] Functions runtime initialized. {"cwd":"/mnt/c/Users/siepp/Desktop/web-projects/int-chat/functions","node_version":"10.16.3"}
[debug] [2019-10-20T01:04:49.202Z] [runtime-status] Disabled runtime features: {"functions_config_helper":true,"network_filtering":true,"timeout":true,"memory_limiting":true,"admin_stubs":true} {}
[debug] [2019-10-20T01:04:49.216Z] [runtime-status] Resolved module firebase-admin {"declared":true,"installed":true,"version":"8.6.0","resolution":"/mnt/c/Users/siepp/Desktop/web-projects/int-chat/node_modules/firebase-admin/lib/index.js"}
[debug] [2019-10-20T01:04:49.222Z] [runtime-status] Resolved module firebase-functions {"declared":true,"installed":true,"version":"3.2.0","resolution":"/mnt/c/Users/siepp/Desktop/web-projects/int-chat/node_modules/firebase-functions/lib/index.js"}
[debug] [2019-10-20T01:04:49.224Z] [runtime-status] Resolved module firebase-functions {"declared":true,"installed":true,"version":"3.2.0","resolution":"/mnt/c/Users/siepp/Desktop/web-projects/int-chat/node_modules/firebase-functions/lib/index.js"}
[debug] [2019-10-20T01:05:31.090Z] File /mnt/c/Users/siepp/Desktop/web-projects/int-chat/functions/src/store.ts changed, reloading triggers
[debug] [2019-10-20T01:05:33.683Z] [runtime-status] Functions runtime initialized. {"cwd":"/mnt/c/Users/siepp/Desktop/web-projects/int-chat/functions","node_version":"10.16.3"}
[debug] [2019-10-20T01:05:33.685Z] [runtime-status] Disabled runtime features: {"functions_config_helper":true,"network_filtering":true,"timeout":true,"memory_limiting":true,"admin_stubs":true} {}
[debug] [2019-10-20T01:05:33.705Z] [runtime-status] Resolved module firebase-admin {"declared":true,"installed":true,"version":"8.6.0","resolution":"/mnt/c/Users/siepp/Desktop/web-projects/int-chat/node_modules/firebase-admin/lib/index.js"}
[debug] [2019-10-20T01:05:33.712Z] [runtime-status] Resolved module firebase-functions {"declared":true,"installed":true,"version":"3.2.0","resolution":"/mnt/c/Users/siepp/Desktop/web-projects/int-chat/node_modules/firebase-functions/lib/index.js"}
[debug] [2019-10-20T01:05:33.715Z] [runtime-status] Resolved module firebase-functions {"declared":true,"installed":true,"version":"3.2.0","resolution":"/mnt/c/Users/siepp/Desktop/web-projects/int-chat/node_modules/firebase-functions/lib/index.js"}
[debug] [2019-10-20T01:05:34.532Z] File /mnt/c/Users/siepp/Desktop/web-projects/int-chat/functions/lib/store.js.map changed, reloading triggers
[debug] [2019-10-20T01:05:34.551Z] File /mnt/c/Users/siepp/Desktop/web-projects/int-chat/functions/lib/store.js changed, reloading triggers
[debug] [2019-10-20T01:05:34.688Z] File /mnt/c/Users/siepp/Desktop/web-projects/int-chat/functions/lib/tsconfig.tsbuildinfo changed, reloading triggers
[info] >  undefined
[debug] [2019-10-20T01:05:37.165Z] [runtime-status] Functions runtime initialized. {"cwd":"/mnt/c/Users/siepp/Desktop/web-projects/int-chat/functions","node_version":"10.16.3"}
[debug] [2019-10-20T01:05:37.167Z] [runtime-status] Disabled runtime features: {"functions_config_helper":true,"network_filtering":true,"timeout":true,"memory_limiting":true,"admin_stubs":true} {}
[debug] [2019-10-20T01:05:37.181Z] [runtime-status] Resolved module firebase-admin {"declared":true,"installed":true,"version":"8.6.0","resolution":"/mnt/c/Users/siepp/Desktop/web-projects/int-chat/node_modules/firebase-admin/lib/index.js"}
[debug] [2019-10-20T01:05:37.187Z] [runtime-status] Resolved module firebase-functions {"declared":true,"installed":true,"version":"3.2.0","resolution":"/mnt/c/Users/siepp/Desktop/web-projects/int-chat/node_modules/firebase-functions/lib/index.js"}
[debug] [2019-10-20T01:05:37.190Z] [runtime-status] Resolved module firebase-functions {"declared":true,"installed":true,"version":"3.2.0","resolution":"/mnt/c/Users/siepp/Desktop/web-projects/int-chat/node_modules/firebase-functions/lib/index.js"}
[info] >  undefined
[debug] [2019-10-20T01:08:24.249Z] File /mnt/c/Users/siepp/Desktop/web-projects/int-chat/functions/src/store.ts changed, reloading triggers
[debug] [2019-10-20T01:08:26.774Z] [runtime-status] Functions runtime initialized. {"cwd":"/mnt/c/Users/siepp/Desktop/web-projects/int-chat/functions","node_version":"10.16.3"}
[debug] [2019-10-20T01:08:26.776Z] [runtime-status] Disabled runtime features: {"functions_config_helper":true,"network_filtering":true,"timeout":true,"memory_limiting":true,"admin_stubs":true} {}
[debug] [2019-10-20T01:08:26.795Z] [runtime-status] Resolved module firebase-admin {"declared":true,"installed":true,"version":"8.6.0","resolution":"/mnt/c/Users/siepp/Desktop/web-projects/int-chat/node_modules/firebase-admin/lib/index.js"}
[debug] [2019-10-20T01:08:26.803Z] [runtime-status] Resolved module firebase-functions {"declared":true,"installed":true,"version":"3.2.0","resolution":"/mnt/c/Users/siepp/Desktop/web-projects/int-chat/node_modules/firebase-functions/lib/index.js"}
[debug] [2019-10-20T01:08:26.806Z] [runtime-status] Resolved module firebase-functions {"declared":true,"installed":true,"version":"3.2.0","resolution":"/mnt/c/Users/siepp/Desktop/web-projects/int-chat/node_modules/firebase-functions/lib/index.js"}
[debug] [2019-10-20T01:08:27.985Z] File /mnt/c/Users/siepp/Desktop/web-projects/int-chat/functions/lib/store.js.map changed, reloading triggers
[debug] [2019-10-20T01:08:28.005Z] File /mnt/c/Users/siepp/Desktop/web-projects/int-chat/functions/lib/store.js changed, reloading triggers
[debug] [2019-10-20T01:08:28.125Z] File /mnt/c/Users/siepp/Desktop/web-projects/int-chat/functions/lib/tsconfig.tsbuildinfo changed, reloading triggers
[info] >  Firestore {
[info] >    _firebaseApp:
[info] >     FirebaseAppImpl {
[info] >       firebase_:
[info] >        { __esModule: true,
[info] >          initializeApp: [Function: initializeApp],
[info] >          app: [Function],
[info] >          apps: [Getter],
[info] >          SDK_VERSION: '7.2.1',
[info] >          INTERNAL: [Object],
[info] >          default: [Circular],
[info] >          auth: [Function],
[info] >          User: [Function],
[info] >          database: [Function],
[info] >          firestore: [Function],
[info] >          functions: [Function] },
[info] >       isDeleted_: false,
[info] >       services_: { auth: {}, firestore: [Object] },
[info] >       tokenListeners_: [ [Function] ],
[info] >       analyticsEventRequests_: [],
[info] >       name_: 'app-1571533709858-0.5800393063585898',
[info] >       automaticDataCollectionEnabled_: false,
[info] >       options_: { projectId: 'my-test-project' },
[info] >       INTERNAL:
[info] >        { getUid: [Function: getUid],
[info] >          getToken: [Function],
[info] >          addAuthTokenListener: [Function: addAuthTokenListener],
[info] >          removeAuthTokenListener: [Function: removeAuthTokenListener],
[info] >          analytics: [Object] } },
[info] >    _queue:
[info] >     AsyncQueue {
[info] >       tail: Promise { undefined },
[info] >       _isShuttingDown: false,
[info] >       delayedOperations: [],
[info] >       failure: null,
[info] >       operationInProgress: false,
[info] >       timerIdsToSkip: [] },
[info] >    INTERNAL: { delete: [Function: delete] },
[info] >    _databaseId:
[info] >     DatabaseId { projectId: 'my-test-project', database: '(default)' },
[info] >    _persistenceKey: 'app-1571533709858-0.5800393063585898',
[info] >    _credentials:
[info] >     FirebaseCredentialsProvider {
[info] >       app:
[info] >        FirebaseAppImpl {
[info] >          firebase_: [Object],
[info] >          isDeleted_: false,
[info] >          services_: [Object],
[info] >          tokenListeners_: [Array],
[info] >          analyticsEventRequests_: [],
[info] >          name_: 'app-1571533709858-0.5800393063585898',
[info] >          automaticDataCollectionEnabled_: false,
[info] >          options_: [Object],
[info] >          INTERNAL: [Object] },
[info] >       tokenListener: [Function],
[info] >       currentUser: User { uid: null },
[info] >       tokenCounter: 0,
[info] >       changeListener: null,
[info] >       forceRefresh: false },
[info] >    _settings:
[info] >     FirestoreSettings {
[info] >       host: 'localhost:8080',
[info] >       ssl: false,
[info] >       credentials: undefined,
[info] >       timestampsInSnapshots: true,
[info] >       cacheSizeBytes: 41943040,
[info] >       forceLongPolling: false },
[info] >    _dataConverter: UserDataConverter { preConverter: [Function: preConverter] } }
[debug] [2019-10-20T01:08:30.712Z] [runtime-status] Functions runtime initialized. {"cwd":"/mnt/c/Users/siepp/Desktop/web-projects/int-chat/functions","node_version":"10.16.3"}
[debug] [2019-10-20T01:08:30.714Z] [runtime-status] Disabled runtime features: {"functions_config_helper":true,"network_filtering":true,"timeout":true,"memory_limiting":true,"admin_stubs":true} {}
[debug] [2019-10-20T01:08:30.728Z] [runtime-status] Resolved module firebase-admin {"declared":true,"installed":true,"version":"8.6.0","resolution":"/mnt/c/Users/siepp/Desktop/web-projects/int-chat/node_modules/firebase-admin/lib/index.js"}
[debug] [2019-10-20T01:08:30.734Z] [runtime-status] Resolved module firebase-functions {"declared":true,"installed":true,"version":"3.2.0","resolution":"/mnt/c/Users/siepp/Desktop/web-projects/int-chat/node_modules/firebase-functions/lib/index.js"}
[debug] [2019-10-20T01:08:30.736Z] [runtime-status] Resolved module firebase-functions {"declared":true,"installed":true,"version":"3.2.0","resolution":"/mnt/c/Users/siepp/Desktop/web-projects/int-chat/node_modules/firebase-functions/lib/index.js"}
[info] >  Firestore {
[info] >    _firebaseApp:
[info] >     FirebaseAppImpl {
[info] >       firebase_:
[info] >        { __esModule: true,
[info] >          initializeApp: [Function: initializeApp],
[info] >          app: [Function],
[info] >          apps: [Getter],
[info] >          SDK_VERSION: '7.2.1',
[info] >          INTERNAL: [Object],
[info] >          default: [Circular],
[info] >          auth: [Function],
[info] >          User: [Function],
[info] >          database: [Function],
[info] >          firestore: [Function],
[info] >          functions: [Function] },
[info] >       isDeleted_: false,
[info] >       services_: { auth: {}, firestore: [Object] },
[info] >       tokenListeners_: [ [Function] ],
[info] >       analyticsEventRequests_: [],
[info] >       name_: 'app-1571533713323-0.5019155473349983',
[info] >       automaticDataCollectionEnabled_: false,
[info] >       options_: { projectId: 'my-test-project' },
[info] >       INTERNAL:
[info] >        { getUid: [Function: getUid],
[info] >          getToken: [Function],
[info] >          addAuthTokenListener: [Function: addAuthTokenListener],
[info] >          removeAuthTokenListener: [Function: removeAuthTokenListener],
[info] >          analytics: [Object] } },
[info] >    _queue:
[info] >     AsyncQueue {
[info] >       tail: Promise { undefined },
[info] >       _isShuttingDown: false,
[info] >       delayedOperations: [],
[info] >       failure: null,
[info] >       operationInProgress: false,
[info] >       timerIdsToSkip: [] },
[info] >    INTERNAL: { delete: [Function: delete] },
[info] >    _databaseId:
[info] >     DatabaseId { projectId: 'my-test-project', database: '(default)' },
[info] >    _persistenceKey: 'app-1571533713323-0.5019155473349983',
[info] >    _credentials:
[info] >     FirebaseCredentialsProvider {
[info] >       app:
[info] >        FirebaseAppImpl {
[info] >          firebase_: [Object],
[info] >          isDeleted_: false,
[info] >          services_: [Object],
[info] >          tokenListeners_: [Array],
[info] >          analyticsEventRequests_: [],
[info] >          name_: 'app-1571533713323-0.5019155473349983',
[info] >          automaticDataCollectionEnabled_: false,
[info] >          options_: [Object],
[info] >          INTERNAL: [Object] },
[info] >       tokenListener: [Function],
[info] >       currentUser: User { uid: null },
[info] >       tokenCounter: 0,
[info] >       changeListener: null,
[info] >       forceRefresh: false },
[info] >    _settings:
[info] >     FirestoreSettings {
[info] >       host: 'localhost:8080',
[info] >       ssl: false,
[info] >       credentials: undefined,
[info] >       timestampsInSnapshots: true,
[info] >       cacheSizeBytes: 41943040,
[info] >       forceLongPolling: false },
[info] >    _dataConverter: UserDataConverter { preConverter: [Function: preConverter] } }
[debug] [2019-10-20T01:09:02.662Z] ----------------------------------------------------------------------
[debug] [2019-10-20T01:09:02.669Z] Command:       /home/siepp/.nvm/versions/node/v10.16.3/bin/node /mnt/c/Users/siepp/Desktop/web-projects/int-chat/node_modules/.bin/firebase serve --only functions,firestore
[debug] [2019-10-20T01:09:02.669Z] CLI Version:   7.5.0
[debug] [2019-10-20T01:09:02.670Z] Platform:      linux
[debug] [2019-10-20T01:09:02.670Z] Node Version:  v10.16.3
[debug] [2019-10-20T01:09:02.671Z] Time:          Sat Oct 19 2019 19:09:02 GMT-0600 (Mountain Daylight Time)
[debug] [2019-10-20T01:09:02.672Z] ----------------------------------------------------------------------
[debug] 
[debug] [2019-10-20T01:09:02.705Z] > command requires scopes: ["email","openid","https://www.googleapis.com/auth/cloudplatformprojects.readonly","https://www.googleapis.com/auth/firebase","https://www.googleapis.com/auth/cloud-platform"]
[debug] [2019-10-20T01:09:02.707Z] > authorizing via signed-in user
[debug] [2019-10-20T01:09:02.707Z] [iam] checking project fir-learn-f283b for permissions ["firebase.projects.get"]
[debug] [2019-10-20T01:09:02.715Z] >>> HTTP REQUEST POST https://cloudresourcemanager.googleapis.com/v1/projects/fir-learn-f283b:testIamPermissions  

[debug] [2019-10-20T01:09:03.406Z] <<< HTTP RESPONSE 200
[debug] [2019-10-20T01:09:03.412Z] >>> HTTP REQUEST GET https://firebase.googleapis.com/v1beta1/projects/fir-learn-f283b  
 
[debug] [2019-10-20T01:09:03.977Z] <<< HTTP RESPONSE 200
[info] i  firestore: Serving ALL traffic (including WebChannel) on http://localhost:8080
[warn] ⚠  firestore: Support for WebChannel on a separate port (8081) is DEPRECATED and will go away soon. Please use port above instead.
[debug] [2019-10-20T01:09:04.019Z] Starting emulator firestore with command {"binary":"java","args":["-Duser.language=en","-jar","/home/siepp/.cache/firebase/emulators/cloud-firestore-emulator-v1.9.0.jar","--webchannel_port",8081,"--port",8080],"optionalArgs":["port","webchannel_port","host","rules","functions_emulator"]}
[info] i  firestore: Emulator logging to firestore-debug.log
[info] ✔  functions: Using node@10 from host.
[info] ✔  functions: Emulator started at http://localhost:5000
[debug] [2019-10-20T01:09:07.280Z] API endpoint: http://localhost:8080
If you are using a library that supports the FIRESTORE_EMULATOR_HOST environment variable, run:

[debug] [2019-10-20T01:09:07.281Z] 
   export FIRESTORE_EMULATOR_HOST=localhost:8080

Dev App Server is now running.


[info] ✔  firestore: Emulator started at http://localhost:8080
[info] i  functions: Watching "/mnt/c/Users/siepp/Desktop/web-projects/int-chat/functions" for Cloud Functions...
[debug] [2019-10-20T01:09:09.029Z] [runtime-status] Functions runtime initialized. {"cwd":"/mnt/c/Users/siepp/Desktop/web-projects/int-chat/functions","node_version":"10.16.3"}
[debug] [2019-10-20T01:09:09.030Z] [runtime-status] Disabled runtime features: {"functions_config_helper":true,"network_filtering":true,"timeout":true,"memory_limiting":true,"admin_stubs":true} {}
[debug] [2019-10-20T01:09:09.049Z] [runtime-status] Resolved module firebase-admin {"declared":true,"installed":true,"version":"8.6.0","resolution":"/mnt/c/Users/siepp/Desktop/web-projects/int-chat/node_modules/firebase-admin/lib/index.js"}
[debug] [2019-10-20T01:09:09.057Z] [runtime-status] Resolved module firebase-functions {"declared":true,"installed":true,"version":"3.2.0","resolution":"/mnt/c/Users/siepp/Desktop/web-projects/int-chat/node_modules/firebase-functions/lib/index.js"}
[debug] [2019-10-20T01:09:09.060Z] [runtime-status] Resolved module firebase-functions {"declared":true,"installed":true,"version":"3.2.0","resolution":"/mnt/c/Users/siepp/Desktop/web-projects/int-chat/node_modules/firebase-functions/lib/index.js"}
[info] >  Firestore {
[info] >    _firebaseApp:
[info] >     FirebaseAppImpl {
[info] >       firebase_:
[info] >        { __esModule: true,
[info] >          initializeApp: [Function: initializeApp],
[info] >          app: [Function],
[info] >          apps: [Getter],
[info] >          SDK_VERSION: '7.2.1',
[info] >          INTERNAL: [Object],
[info] >          default: [Circular],
[info] >          auth: [Function],
[info] >          User: [Function],
[info] >          database: [Function],
[info] >          firestore: [Function],
[info] >          functions: [Function] },
[info] >       isDeleted_: false,
[info] >       services_: { auth: {}, firestore: [Object] },
[info] >       tokenListeners_: [ [Function] ],
[info] >       analyticsEventRequests_: [],
[info] >       name_: 'app-1571533752084-0.9862531976165949',
[info] >       automaticDataCollectionEnabled_: false,
[info] >       options_: { projectId: 'my-test-project' },
[info] >       INTERNAL:
[info] >        { getUid: [Function: getUid],
[info] >          getToken: [Function],
[info] >          addAuthTokenListener: [Function: addAuthTokenListener],
[info] >          removeAuthTokenListener: [Function: removeAuthTokenListener],
[info] >          analytics: [Object] } },
[info] >    _queue:
[info] >     AsyncQueue {
[info] >       tail: Promise { undefined },
[info] >       _isShuttingDown: false,
[info] >       delayedOperations: [],
[info] >       failure: null,
[info] >       operationInProgress: false,
[info] >       timerIdsToSkip: [] },
[info] >    INTERNAL: { delete: [Function: delete] },
[info] >    _databaseId:
[info] >     DatabaseId { projectId: 'my-test-project', database: '(default)' },
[info] >    _persistenceKey: 'app-1571533752084-0.9862531976165949',
[info] >    _credentials:
[info] >     FirebaseCredentialsProvider {
[info] >       app:
[info] >        FirebaseAppImpl {
[info] >          firebase_: [Object],
[info] >          isDeleted_: false,
[info] >          services_: [Object],
[info] >          tokenListeners_: [Array],
[info] >          analyticsEventRequests_: [],
[info] >          name_: 'app-1571533752084-0.9862531976165949',
[info] >          automaticDataCollectionEnabled_: false,
[info] >          options_: [Object],
[info] >          INTERNAL: [Object] },
[info] >       tokenListener: [Function],
[info] >       currentUser: User { uid: null },
[info] >       tokenCounter: 0,
[info] >       changeListener: null,
[info] >       forceRefresh: false },
[info] >    _settings:
[info] >     FirestoreSettings {
[info] >       host: 'localhost:8080',
[info] >       ssl: false,
[info] >       credentials: undefined,
[info] >       timestampsInSnapshots: true,
[info] >       cacheSizeBytes: 41943040,
[info] >       forceLongPolling: false },
[info] >    _dataConverter: UserDataConverter { preConverter: [Function: preConverter] } }
[info] ✔  functions[api]: http function initialized (http://localhost:5000/fir-learn-f283b/us-central1/api).
[debug] [2019-10-20T01:09:23.623Z] File /mnt/c/Users/siepp/Desktop/web-projects/int-chat/functions/src/store.ts changed, reloading triggers
[debug] [2019-10-20T01:09:26.237Z] [runtime-status] Functions runtime initialized. {"cwd":"/mnt/c/Users/siepp/Desktop/web-projects/int-chat/functions","node_version":"10.16.3"}
[debug] [2019-10-20T01:09:26.239Z] [runtime-status] Disabled runtime features: {"functions_config_helper":true,"network_filtering":true,"timeout":true,"memory_limiting":true,"admin_stubs":true} {}
[debug] [2019-10-20T01:09:26.259Z] [runtime-status] Resolved module firebase-admin {"declared":true,"installed":true,"version":"8.6.0","resolution":"/mnt/c/Users/siepp/Desktop/web-projects/int-chat/node_modules/firebase-admin/lib/index.js"}
[debug] [2019-10-20T01:09:26.267Z] [runtime-status] Resolved module firebase-functions {"declared":true,"installed":true,"version":"3.2.0","resolution":"/mnt/c/Users/siepp/Desktop/web-projects/int-chat/node_modules/firebase-functions/lib/index.js"}
[debug] [2019-10-20T01:09:26.270Z] [runtime-status] Resolved module firebase-functions {"declared":true,"installed":true,"version":"3.2.0","resolution":"/mnt/c/Users/siepp/Desktop/web-projects/int-chat/node_modules/firebase-functions/lib/index.js"}
[debug] [2019-10-20T01:09:26.695Z] File /mnt/c/Users/siepp/Desktop/web-projects/int-chat/functions/lib/tsconfig.tsbuildinfo changed, reloading triggers
[debug] [2019-10-20T01:09:29.288Z] [runtime-status] Functions runtime initialized. {"cwd":"/mnt/c/Users/siepp/Desktop/web-projects/int-chat/functions","node_version":"10.16.3"}
[debug] [2019-10-20T01:09:29.291Z] [runtime-status] Disabled runtime features: {"functions_config_helper":true,"network_filtering":true,"timeout":true,"memory_limiting":true,"admin_stubs":true} {}
[debug] [2019-10-20T01:09:29.305Z] [runtime-status] Resolved module firebase-admin {"declared":true,"installed":true,"version":"8.6.0","resolution":"/mnt/c/Users/siepp/Desktop/web-projects/int-chat/node_modules/firebase-admin/lib/index.js"}
[debug] [2019-10-20T01:09:29.310Z] [runtime-status] Resolved module firebase-functions {"declared":true,"installed":true,"version":"3.2.0","resolution":"/mnt/c/Users/siepp/Desktop/web-projects/int-chat/node_modules/firebase-functions/lib/index.js"}
[debug] [2019-10-20T01:09:29.313Z] [runtime-status] Resolved module firebase-functions {"declared":true,"installed":true,"version":"3.2.0","resolution":"/mnt/c/Users/siepp/Desktop/web-projects/int-chat/node_modules/firebase-functions/lib/index.js"}
[info] >  Firestore {
[info] >    _firebaseApp:
[info] >     FirebaseAppImpl {
[info] >       firebase_:
[info] >        { __esModule: true,
[info] >          initializeApp: [Function: initializeApp],
[info] >          app: [Function],
[info] >          apps: [Getter],
[info] >          SDK_VERSION: '7.2.1',
[info] >          INTERNAL: [Object],
[info] >          default: [Circular],
[info] >          auth: [Function],
[info] >          User: [Function],
[info] >          database: [Function],
[info] >          firestore: [Function],
[info] >          functions: [Function] },
[info] >       isDeleted_: false,
[info] >       services_: { auth: {}, firestore: [Object] },
[info] >       tokenListeners_: [ [Function] ],
[info] >       analyticsEventRequests_: [],
[info] >       name_: 'app-1571533769376-0.6028898531063003',
[info] >       automaticDataCollectionEnabled_: false,
[info] >       options_: { projectId: 'my-test-project' },
[info] >       INTERNAL:
[info] >        { getUid: [Function: getUid],
[info] >          getToken: [Function],
[info] >          addAuthTokenListener: [Function: addAuthTokenListener],
[info] >          removeAuthTokenListener: [Function: removeAuthTokenListener],
[info] >          analytics: [Object] } },
[info] >    _queue:
[info] >     AsyncQueue {
[info] >       tail: Promise { undefined },
[info] >       _isShuttingDown: false,
[info] >       delayedOperations: [],
[info] >       failure: null,
[info] >       operationInProgress: false,
[info] >       timerIdsToSkip: [] },
[info] >    INTERNAL: { delete: [Function: delete] },
[info] >    _databaseId:
[info] >     DatabaseId { projectId: 'my-test-project', database: '(default)' },
[info] >    _persistenceKey: 'app-1571533769376-0.6028898531063003',
[info] >    _credentials:
[info] >     FirebaseCredentialsProvider {
[info] >       app:
[info] >        FirebaseAppImpl {
[info] >          firebase_: [Object],
[info] >          isDeleted_: false,
[info] >          services_: [Object],
[info] >          tokenListeners_: [Array],
[info] >          analyticsEventRequests_: [],
[info] >          name_: 'app-1571533769376-0.6028898531063003',
[info] >          automaticDataCollectionEnabled_: false,
[info] >          options_: [Object],
[info] >          INTERNAL: [Object] },
[info] >       tokenListener: [Function],
[info] >       currentUser: User { uid: null },
[info] >       tokenCounter: 0,
[info] >       changeListener: null,
[info] >       forceRefresh: false },
[info] >    _settings:
[info] >     FirestoreSettings {
[info] >       host: 'localhost:8080',
[info] >       ssl: false,
[info] >       credentials: undefined,
[info] >       timestampsInSnapshots: true,
[info] >       cacheSizeBytes: 41943040,
[info] >       forceLongPolling: false },
[info] >    _dataConverter: UserDataConverter { preConverter: [Function: preConverter] } }
[debug] [2019-10-20T01:09:30.975Z] File /mnt/c/Users/siepp/Desktop/web-projects/int-chat/functions/lib/store.js.map changed, reloading triggers
[debug] [2019-10-20T01:09:30.991Z] File /mnt/c/Users/siepp/Desktop/web-projects/int-chat/functions/lib/store.js changed, reloading triggers
[debug] [2019-10-20T01:09:31.145Z] File /mnt/c/Users/siepp/Desktop/web-projects/int-chat/functions/lib/tsconfig.tsbuildinfo changed, reloading triggers
[debug] [2019-10-20T01:09:31.235Z] File /mnt/c/Users/siepp/Desktop/web-projects/int-chat/functions/lib/tsconfig.tsbuildinfo changed, reloading triggers
[info] >  Firestore {
[info] >    _firebaseApp:
[info] >     FirebaseAppImpl {
[info] >       firebase_:
[info] >        { __esModule: true,
[info] >          initializeApp: [Function: initializeApp],
[info] >          app: [Function],
[info] >          apps: [Getter],
[info] >          SDK_VERSION: '7.2.1',
[info] >          INTERNAL: [Object],
[info] >          default: [Circular],
[info] >          auth: [Function],
[info] >          User: [Function],
[info] >          database: [Function],
[info] >          firestore: [Function],
[info] >          functions: [Function] },
[info] >       isDeleted_: false,
[info] >       services_: { auth: {}, firestore: [Object] },
[info] >       tokenListeners_: [ [Function] ],
[info] >       analyticsEventRequests_: [],
[info] >       name_: 'app-1571533772151-0.6640785711659991',
[info] >       automaticDataCollectionEnabled_: false,
[info] >       options_: { projectId: 'my-test-project' },
[info] >       INTERNAL:
[info] >        { getUid: [Function: getUid],
[info] >          getToken: [Function],
[info] >          addAuthTokenListener: [Function: addAuthTokenListener],
[info] >          removeAuthTokenListener: [Function: removeAuthTokenListener],
[info] >          analytics: [Object] } },
[info] >    _queue:
[info] >     AsyncQueue {
[info] >       tail: Promise { undefined },
[info] >       _isShuttingDown: false,
[info] >       delayedOperations: [],
[info] >       failure: null,
[info] >       operationInProgress: false,
[info] >       timerIdsToSkip: [] },
[info] >    INTERNAL: { delete: [Function: delete] },
[info] >    _databaseId:
[info] >     DatabaseId { projectId: 'my-test-project', database: '(default)' },
[info] >    _persistenceKey: 'app-1571533772151-0.6640785711659991',
[info] >    _credentials:
[info] >     FirebaseCredentialsProvider {
[info] >       app:
[info] >        FirebaseAppImpl {
[info] >          firebase_: [Object],
[info] >          isDeleted_: false,
[info] >          services_: [Object],
[info] >          tokenListeners_: [Array],
[info] >          analyticsEventRequests_: [],
[info] >          name_: 'app-1571533772151-0.6640785711659991',
[info] >          automaticDataCollectionEnabled_: false,
[info] >          options_: [Object],
[info] >          INTERNAL: [Object] },
[info] >       tokenListener: [Function],
[info] >       currentUser: User { uid: null },
[info] >       tokenCounter: 0,
[info] >       changeListener: null,
[info] >       forceRefresh: false },
[info] >    _settings:
[info] >     FirestoreSettings {
[info] >       host: 'localhost:8080',
[info] >       ssl: false,
[info] >       credentials: undefined,
[info] >       timestampsInSnapshots: true,
[info] >       cacheSizeBytes: 41943040,
[info] >       forceLongPolling: false },
[info] >    _dataConverter: UserDataConverter { preConverter: [Function: preConverter] } }
[debug] [2019-10-20T01:09:33.616Z] [runtime-status] Functions runtime initialized. {"cwd":"/mnt/c/Users/siepp/Desktop/web-projects/int-chat/functions","node_version":"10.16.3"}
[debug] [2019-10-20T01:09:33.617Z] [runtime-status] Disabled runtime features: {"functions_config_helper":true,"network_filtering":true,"timeout":true,"memory_limiting":true,"admin_stubs":true} {}
[debug] [2019-10-20T01:09:33.634Z] [runtime-status] Resolved module firebase-admin {"declared":true,"installed":true,"version":"8.6.0","resolution":"/mnt/c/Users/siepp/Desktop/web-projects/int-chat/node_modules/firebase-admin/lib/index.js"}
[debug] [2019-10-20T01:09:33.641Z] [runtime-status] Resolved module firebase-functions {"declared":true,"installed":true,"version":"3.2.0","resolution":"/mnt/c/Users/siepp/Desktop/web-projects/int-chat/node_modules/firebase-functions/lib/index.js"}
[debug] [2019-10-20T01:09:33.643Z] [runtime-status] Resolved module firebase-functions {"declared":true,"installed":true,"version":"3.2.0","resolution":"/mnt/c/Users/siepp/Desktop/web-projects/int-chat/node_modules/firebase-functions/lib/index.js"}
[debug] [2019-10-20T01:10:42.250Z] File /mnt/c/Users/siepp/Desktop/web-projects/int-chat/functions/src/store.ts changed, reloading triggers
[debug] [2019-10-20T01:10:44.727Z] [runtime-status] Functions runtime initialized. {"cwd":"/mnt/c/Users/siepp/Desktop/web-projects/int-chat/functions","node_version":"10.16.3"}
[debug] [2019-10-20T01:10:44.728Z] [runtime-status] Disabled runtime features: {"functions_config_helper":true,"network_filtering":true,"timeout":true,"memory_limiting":true,"admin_stubs":true} {}
[debug] [2019-10-20T01:10:44.741Z] [runtime-status] Resolved module firebase-admin {"declared":true,"installed":true,"version":"8.6.0","resolution":"/mnt/c/Users/siepp/Desktop/web-projects/int-chat/node_modules/firebase-admin/lib/index.js"}
[debug] [2019-10-20T01:10:44.749Z] [runtime-status] Resolved module firebase-functions {"declared":true,"installed":true,"version":"3.2.0","resolution":"/mnt/c/Users/siepp/Desktop/web-projects/int-chat/node_modules/firebase-functions/lib/index.js"}
[debug] [2019-10-20T01:10:44.749Z] [runtime-status] Resolved module firebase-functions {"declared":true,"installed":true,"version":"3.2.0","resolution":"/mnt/c/Users/siepp/Desktop/web-projects/int-chat/node_modules/firebase-functions/lib/index.js"}
[debug] [2019-10-20T01:10:45.937Z] File /mnt/c/Users/siepp/Desktop/web-projects/int-chat/functions/lib/store.js.map changed, reloading triggers
[debug] [2019-10-20T01:10:45.973Z] File /mnt/c/Users/siepp/Desktop/web-projects/int-chat/functions/lib/store.js changed, reloading triggers
[debug] [2019-10-20T01:10:46.095Z] File /mnt/c/Users/siepp/Desktop/web-projects/int-chat/functions/lib/tsconfig.tsbuildinfo changed, reloading triggers
[debug] [2019-10-20T01:10:48.697Z] [runtime-status] Functions runtime initialized. {"cwd":"/mnt/c/Users/siepp/Desktop/web-projects/int-chat/functions","node_version":"10.16.3"}
[debug] [2019-10-20T01:10:48.699Z] [runtime-status] Disabled runtime features: {"functions_config_helper":true,"network_filtering":true,"timeout":true,"memory_limiting":true,"admin_stubs":true} {}
[debug] [2019-10-20T01:10:48.715Z] [runtime-status] Resolved module firebase-admin {"declared":true,"installed":true,"version":"8.6.0","resolution":"/mnt/c/Users/siepp/Desktop/web-projects/int-chat/node_modules/firebase-admin/lib/index.js"}
[debug] [2019-10-20T01:10:48.722Z] [runtime-status] Resolved module firebase-functions {"declared":true,"installed":true,"version":"3.2.0","resolution":"/mnt/c/Users/siepp/Desktop/web-projects/int-chat/node_modules/firebase-functions/lib/index.js"}
[debug] [2019-10-20T01:10:48.725Z] [runtime-status] Resolved module firebase-functions {"declared":true,"installed":true,"version":"3.2.0","resolution":"/mnt/c/Users/siepp/Desktop/web-projects/int-chat/node_modules/firebase-functions/lib/index.js"}
[debug] [2019-10-20T01:11:03.143Z] Accepted request POST /fir-learn-f283b/us-central1/api/graphql --> api
[debug] [2019-10-20T01:11:04.691Z] [runtime-status] Functions runtime initialized. {"cwd":"/mnt/c/Users/siepp/Desktop/web-projects/int-chat/functions","node_version":"10.16.3"}
[info] i  functions: Beginning execution of "api"
[debug] [2019-10-20T01:11:04.699Z] [runtime-status] Disabled runtime features: {"functions_config_helper":true,"network_filtering":true,"timeout":true,"memory_limiting":true,"admin_stubs":true} {}
[debug] [2019-10-20T01:11:04.702Z] [runtime-status] Resolved module firebase-admin {"declared":true,"installed":true,"version":"8.6.0","resolution":"/mnt/c/Users/siepp/Desktop/web-projects/int-chat/node_modules/firebase-admin/lib/index.js"}
[debug] [2019-10-20T01:11:04.708Z] [runtime-status] Resolved module firebase-functions {"declared":true,"installed":true,"version":"3.2.0","resolution":"/mnt/c/Users/siepp/Desktop/web-projects/int-chat/node_modules/firebase-functions/lib/index.js"}
[debug] [2019-10-20T01:11:04.711Z] [runtime-status] Resolved module firebase-functions {"declared":true,"installed":true,"version":"3.2.0","resolution":"/mnt/c/Users/siepp/Desktop/web-projects/int-chat/node_modules/firebase-functions/lib/index.js"}
[debug] [2019-10-20T01:11:07.463Z] [runtime-status] Trigger "api" has been found, beginning invocation! {}
[debug] [2019-10-20T01:11:07.464Z] [runtime-status]  {"httpsTrigger":{},"name":"api","entryPoint":"api"}
[debug] [2019-10-20T01:11:07.464Z] [runtime-status] Running api in mode HTTPS {}
[debug] [2019-10-20T01:11:07.479Z] {"socketPath":"/tmp/firebase_emulator_invocation_29329.sock"}
[debug] [2019-10-20T01:11:07.488Z] [functions] Runtime ready! Sending request! {"socketPath":"/tmp/firebase_emulator_invocation_29329.sock"}
[debug] [2019-10-20T01:11:07.546Z] [runtime-status] Ephemeral server used! {}
[debug] [2019-10-20T01:11:07.558Z] [runtime-status] Ephemeral server survived. {}
[debug] [2019-10-20T01:11:09.562Z] Oct 19, 2019 7:11:09 PM io.gapi.emulators.netty.HttpVersionRoutingHandler channelRead
INFO: Detected HTTP/2 connection.

[info] i  functions: Finished "api" in ~4s
[debug] [2019-10-20T01:11:43.001Z] Accepted request POST /fir-learn-f283b/us-central1/api/graphql --> api
[debug] [2019-10-20T01:11:44.582Z] [runtime-status] Functions runtime initialized. {"cwd":"/mnt/c/Users/siepp/Desktop/web-projects/int-chat/functions","node_version":"10.16.3"}
[info] i  functions: Beginning execution of "api"
[debug] [2019-10-20T01:11:44.595Z] [runtime-status] Disabled runtime features: {"functions_config_helper":true,"network_filtering":true,"timeout":true,"memory_limiting":true,"admin_stubs":true} {}
[debug] [2019-10-20T01:11:44.618Z] [runtime-status] Resolved module firebase-admin {"declared":true,"installed":true,"version":"8.6.0","resolution":"/mnt/c/Users/siepp/Desktop/web-projects/int-chat/node_modules/firebase-admin/lib/index.js"}
[debug] [2019-10-20T01:11:44.623Z] [runtime-status] Resolved module firebase-functions {"declared":true,"installed":true,"version":"3.2.0","resolution":"/mnt/c/Users/siepp/Desktop/web-projects/int-chat/node_modules/firebase-functions/lib/index.js"}
[debug] [2019-10-20T01:11:44.626Z] [runtime-status] Resolved module firebase-functions {"declared":true,"installed":true,"version":"3.2.0","resolution":"/mnt/c/Users/siepp/Desktop/web-projects/int-chat/node_modules/firebase-functions/lib/index.js"}
[debug] [2019-10-20T01:11:47.507Z] [runtime-status] Trigger "api" has been found, beginning invocation! {}
[debug] [2019-10-20T01:11:47.507Z] [runtime-status]  {"httpsTrigger":{},"name":"api","entryPoint":"api"}
[debug] [2019-10-20T01:11:47.508Z] [runtime-status] Running api in mode HTTPS {}
[debug] [2019-10-20T01:11:47.524Z] {"socketPath":"/tmp/firebase_emulator_invocation_29543.sock"}
[debug] [2019-10-20T01:11:47.529Z] [functions] Runtime ready! Sending request! {"socketPath":"/tmp/firebase_emulator_invocation_29543.sock"}
[debug] [2019-10-20T01:11:47.586Z] [runtime-status] Ephemeral server used! {}
[debug] [2019-10-20T01:11:47.615Z] [runtime-status] Ephemeral server survived. {}
[debug] [2019-10-20T01:11:49.210Z] Oct 19, 2019 7:11:49 PM io.gapi.emulators.netty.HttpVersionRoutingHandler channelRead
INFO: Detected HTTP/2 connection.

[info] i  functions: Finished "api" in ~2s
